[23:42:20]0
[23:42:21]0
[23:42:22]0
[23:42:24]0
[23:42:25]0
[23:42:26]0
[23:42:27]0
[23:42:28]0
[23:42:29]0
[23:42:30]0
[23:42:31]0
[23:42:32]0
[23:42:33]0
[23:42:34]0
[23:42:35]0
[23:42:36]0
[23:42:37]0
[23:42:39]0
[23:42:40]0
[23:42:41]0
[23:42:42]0
[23:42:43]0
[23:42:44]0
[23:42:45]0
[23:42:46]0
[23:42:47]0
[23:42:48]0
[23:42:49]0
[23:42:50]0
[23:42:51]0
[23:42:52]0
[23:42:54]0
[23:42:55]0
[23:42:56]0
[23:42:57]0
[23:42:58]0
[23:42:59]0
[23:43:00]0
[23:43:01]0
[23:43:02]0
[23:43:03]0
[23:43:04]0
[23:43:05]0
[23:43:06]0
[23:43:07]0
[23:43:09]0
[23:43:10]0
[23:43:11]0
[23:43:12]0
[23:43:13]0
[23:43:14]0
[23:43:15]0
[23:43:16]0
[23:43:17]0
[23:43:18]0
[23:43:19]0
[23:43:20]0
[23:43:21]0
[23:43:22]0
[23:43:24]0
[23:43:25]0
[23:43:26]0
[23:43:27]0
[23:43:28]0
[23:43:29]0
[23:43:30]0
[23:43:31]0
[23:43:32]0
[23:43:33]0
[23:43:34]0
[23:43:35]0
[23:43:36]0
[23:43:38]0
[23:43:39]0
[23:43:40]0
[23:43:41]0
[23:43:42]0
[23:43:43]0
[23:43:44]0
[23:43:45]0
[23:43:46]0
[23:43:47]0
[23:43:48]0
[23:43:49]0
[23:43:50]0
[23:43:51]0
[23:43:53]0
[23:43:54]0
[23:43:55]0
[23:43:56]0
[23:43:57]0
[23:43:58]0
[23:43:59]0
[23:44:00]0
[23:44:01]0
[23:44:02]0
[23:44:03]0
[23:44:04]0
[23:44:05]0
[23:44:06]0
[23:44:08]0
[23:44:09]0
[23:44:10]0
[23:44:11]0
[23:44:12]0
[23:44:13]0
[23:44:14]0
[23:44:15]0
[23:44:16]0
[23:44:17]0
[23:44:18]0
[23:44:19]0
[23:44:20]0
[23:44:22]0
[23:44:23]0
[23:44:24]0
[23:44:25]0
[23:44:26]0
[23:44:27]0
[23:44:28]0
[23:44:29]0
[23:44:30]0
[23:44:31]0
[23:44:32]0
[23:44:33]0
[23:44:34]0
[23:44:35]0
[23:44:37]0
[23:44:38]0
[23:44:39]0
[23:44:40]0
[23:44:41]0
[23:44:42]0
[23:44:43]0
[23:44:44]0
[23:44:45]0
[23:44:46]0
[23:44:47]0
[23:44:48]0
[23:44:49]0
[23:44:50]0
[23:44:52]0
[23:44:53]0
[23:44:54]0
[23:44:55]0
[23:44:56]0
[23:44:57]0
[23:44:58]0
[23:44:59]0
[23:45:00]0
[23:45:01]0
[23:45:02]0
[23:45:03]0
[23:45:04]0
[23:45:05]0
[23:45:07]0
[23:45:08]0
[23:45:09]0
[23:45:10]0
[23:45:11]0
[23:45:12]0
[23:45:13]0
[23:45:14]0
[23:45:15]0
[23:45:16]0
[23:45:17]0
[23:45:18]0
[23:45:19]0
[23:45:21]0
[23:45:22]0
[23:45:23]0
[23:45:24]0
[23:45:25]0
[23:45:26]0
[23:45:27]0
[23:45:28]0
[23:45:29]0
[23:45:30]0
[23:45:31]0
[23:45:32]0
[23:45:33]0
[23:45:34]0
[23:45:36]0
[23:45:37]0
[23:45:38]0
[23:45:39]0
[23:45:40]0
[23:45:41]0
[23:45:42]0
[23:45:43]0
[23:45:44]0
[23:45:45]0
[23:45:46]0
[23:45:47]0
[23:45:48]0
[23:45:49]0
[23:45:51]0
[23:45:52]0
[23:45:53]0
[23:45:54]0
[23:45:55]0
[23:45:56]0
[23:45:57]0
[23:45:58]0
[23:45:59]0
[23:46:00]0
[23:46:01]0
[23:46:02]0
[23:46:03]0
[23:46:04]0
[23:46:06]0
[23:46:07]0
[23:46:08]0
[23:46:09]0
[23:46:10]0
[23:46:11]0
[23:46:12]0
[23:46:13]0
[23:46:14]0
[23:46:15]0
[23:46:16]0
[23:46:17]0
[23:46:18]0
[23:46:20]0
[23:46:21]0
[23:46:22]0
[23:46:23]0
[23:46:24]0
[23:46:25]0
[23:46:26]0
[23:46:27]0
[23:46:28]0
[23:46:29]0
[23:46:30]0
[23:46:31]0
[23:46:32]0
[23:47:30]0
[23:47:31]0
[23:47:32]0
[23:47:33]0
[23:47:34]0
[23:47:35]0
[23:47:36]0
[23:47:37]0
[23:47:38]0
[23:47:39]0
[23:47:40]0
[23:47:41]0
[23:47:43]0
[23:47:44]0
[23:47:45]0
[23:47:46]0
[23:47:47]0
[23:47:48]0
[23:47:49]0
[23:47:50]0
