[23:55:56]0
[23:55:57]0
[23:55:58]0
[23:56:00]0
[23:56:01]0
[23:56:02]0
[23:56:03]0
[23:56:04]0
[23:56:05]0
[23:56:06]0
[23:56:07]0
[23:56:08]0
[23:56:09]0
[23:56:10]0
[23:56:11]0
[23:56:12]0
[23:56:13]0
[23:56:15]0
[23:56:16]0
[23:56:17]0
[23:56:18]0
[23:56:19]0
[23:56:20]0
[23:56:21]0
[23:56:22]0
[23:56:23]0
[23:56:24]0
[23:56:25]0
[23:56:26]0
[23:56:27]0
[23:56:28]0
[23:56:30]0
[23:56:31]0
[23:56:32]0
[23:56:33]0
[23:56:34]0
[23:56:35]0
[23:56:36]0
[23:56:37]0
[23:56:38]0
[23:56:39]0
[23:56:40]0
[23:56:41]0
[23:56:42]0
[23:56:43]0
[23:56:45]0
[23:56:46]0
[23:56:47]0
[23:56:48]0
[23:56:49]0
[23:56:50]0
[23:56:51]0
[23:56:52]0
[23:56:53]0
[23:56:54]0
[23:56:55]0
[23:56:56]0
[23:56:57]0
[23:56:58]0
[23:57:00]0
[23:57:01]0
[23:57:02]0
[23:57:03]0
[23:57:04]0
[23:57:05]0
[23:57:06]0
[23:57:07]0
[23:57:08]0
[23:57:09]0
[23:57:10]0
[23:57:11]0
[23:57:12]0
[23:57:14]0
[23:57:15]0
[23:57:16]0
[23:57:17]0
[23:57:18]0
[23:57:19]0
[23:57:20]0
[23:57:21]0
[23:57:22]0
[23:57:23]0
[23:57:24]0
[23:57:25]0
[23:57:26]0
[23:57:27]0
[23:57:29]0
[23:57:30]0
[23:57:31]0
[23:57:32]0
[23:57:33]0
[23:57:34]0
[23:57:35]0
[23:57:36]0
[23:57:37]0
[23:57:38]0
[23:57:39]0
[23:57:40]0
[23:57:41]0
[23:57:42]0
[23:57:44]0
[23:57:45]0
[23:57:46]0
[23:57:47]0
[23:57:48]0
[23:57:49]0
[23:57:50]0
[23:57:51]0
[23:57:52]0
[23:57:53]0
[23:57:54]0
[23:57:55]0
[23:57:56]0
[23:57:57]0
[23:57:59]0
[23:58:00]0
[23:58:01]0
[23:58:02]0
[23:58:03]0
[23:58:04]0
[23:58:05]0
[23:58:06]0
[23:58:07]0
[23:58:08]0
[23:58:09]0
[23:58:10]0
[23:58:11]0
[23:58:12]0
[23:58:14]0
[23:58:15]0
[23:58:16]0
[23:58:17]0
[23:58:18]0
[23:58:19]0
[23:58:20]0
[23:58:21]0
[23:58:22]0
[23:58:23]0
[23:58:24]0
[23:58:25]0
[23:58:26]0
[23:58:27]0
[23:58:29]0
[23:58:30]0
[23:58:31]0
[23:58:32]0
[23:58:33]0
[23:58:34]0
[23:58:35]0
[23:58:36]0
[23:58:37]0
[23:58:38]0
[23:58:39]0
[23:58:40]0
[23:58:41]0
[23:58:42]0
[23:58:44]0
[23:58:45]0
[23:58:46]0
[23:58:47]0
[23:58:48]0
[23:58:49]0
[23:58:50]0
[23:58:51]0
[23:58:52]0
[23:58:53]0
[23:58:54]0
[23:58:55]0
[23:58:56]0
[23:58:58]0
[23:58:59]0
[23:59:00]0
[23:59:01]0
[23:59:02]0
[23:59:03]0
[23:59:04]0
[23:59:05]0
[23:59:06]0
[23:59:07]0
[23:59:08]0
[23:59:09]0
[23:59:10]0
[23:59:11]0
[23:59:13]0
[23:59:14]0
[23:59:15]0
[23:59:16]0
[23:59:17]0
[23:59:18]0
[23:59:19]0
[23:59:20]0
[23:59:21]0
[23:59:22]0
[23:59:23]0
[23:59:24]0
[23:59:25]0
[23:59:26]0
[23:59:28]0
[23:59:29]0
[23:59:30]0
[23:59:31]0
[23:59:32]0
[23:59:33]0
[23:59:34]0
[23:59:35]0
[23:59:36]0
[23:59:37]0
[23:59:38]0
[23:59:39]0
[23:59:40]0
[23:59:41]0
[23:59:43]0
[23:59:44]0
[23:59:45]0
[23:59:46]0
[23:59:47]0
[23:59:48]0
[23:59:49]0
[23:59:50]0
[23:59:51]0
[23:59:52]0
[23:59:53]0
[23:59:54]0
[23:59:55]0
[23:59:56]0
[23:59:58]0
[23:59:59]0
[00:00:00]0
